#
# There is insufficient memory for the Java Runtime Environment to continue.
# Native memory allocation (malloc) failed to allocate 1172816 bytes for Chunk::new
# Possible reasons:
#   The system is out of physical RAM or swap space
#   The process is running with CompressedOops enabled, and the Java Heap may be blocking the growth of the native heap
# Possible solutions:
#   Reduce memory load on the system
#   Increase physical memory or swap space
#   Check if swap backing store is full
#   Decrease Java heap size (-Xmx/-Xms)
#   Decrease number of Java threads
#   Decrease Java thread stack sizes (-Xss)
#   Set larger code cache with -XX:ReservedCodeCacheSize=
#   JVM is running with Unscaled Compressed Oops mode in which the Java heap is
#     placed in the first 4GB address space. The Java Heap base address is the
#     maximum limit for the native heap growth. Please use -XX:HeapBaseMinAddress
#     to set the Java Heap base and to place the Java Heap above 4GB virtual address.
# This output file may be truncated or incomplete.
#
#  Out of Memory Error (./src/hotspot/share/memory/arena.cpp:197), pid=1904, tid=6308
#
# JRE version: OpenJDK Runtime Environment (11.0.10) (build 11.0.10+0-b96-7249189)
# Java VM: OpenJDK 64-Bit Server VM (11.0.10+0-b96-7249189, mixed mode, tiered, compressed oops, g1 gc, windows-amd64)
# No core dump will be written. Minidumps are not enabled by default on client versions of Windows
#

---------------  S U M M A R Y ------------

Command Line: --add-opens=java.base/java.util=ALL-UNNAMED --add-opens=java.base/java.lang=ALL-UNNAMED --add-opens=java.base/java.lang.invoke=ALL-UNNAMED --add-opens=java.base/java.util=ALL-UNNAMED --add-opens=java.prefs/java.util.prefs=ALL-UNNAMED --add-opens=java.prefs/java.util.prefs=ALL-UNNAMED --add-opens=java.base/java.nio.charset=ALL-UNNAMED --add-opens=java.base/java.net=ALL-UNNAMED --add-opens=java.base/java.util.concurrent.atomic=ALL-UNNAMED -Xmx2048m -Dfile.encoding=UTF-8 -Duser.country=US -Duser.language=en -Duser.variant org.gradle.launcher.daemon.bootstrap.GradleDaemon 7.0.2

Host: Intel(R) Core(TM) i5-8250U CPU @ 1.60GHz, 8 cores, 7G,  Windows 10 , 64 bit Build 19041 (10.0.19041.1023)
Time: Sun Oct  3 08:40:28 2021 Sri Lanka Standard Time elapsed time: 2197.227867 seconds (0d 0h 36m 37s)

---------------  T H R E A D  ---------------

Current thread (0x000001e50fa4c000):  JavaThread "C2 CompilerThread0" daemon [_thread_in_native, id=6308, stack(0x000000accd700000,0x000000accd800000)]


Current CompileTask:
C2:2197227 17809   !   4       org.gradle.api.internal.provider.DefaultValueSourceProviderFactory$LazilyObtainedValue::obtainValueForThe1stTime (40 bytes)

Stack: [0x000000accd700000,0x000000accd800000]
Native frames: (J=compiled Java code, j=interpreted, Vv=VM code, C=native code)
V  [jvm.dll+0x5ecfaa]
V  [jvm.dll+0x722bd5]
V  [jvm.dll+0x72412d]
V  [jvm.dll+0x7247e3]
V  [jvm.dll+0x242928]
V  [jvm.dll+0xbc4fc]
V  [jvm.dll+0xbca0c]
V  [jvm.dll+0x2b4fd4]
V  [jvm.dll+0x506028]
V  [jvm.dll+0x203253]
V  [jvm.dll+0x1fd07c]
V  [jvm.dll+0x1fa77f]
V  [jvm.dll+0x18354c]
V  [jvm.dll+0x208ee7]
V  [jvm.dll+0x207731]
V  [jvm.dll+0x6eb1cf]
V  [jvm.dll+0x6e3d45]
V  [jvm.dll+0x5ebe96]
C  [ucrtbase.dll+0x21bb2]
C  [KERNEL32.DLL+0x17034]
C  [ntdll.dll+0x52651]


---------------  P R O C E S S  ---------------

Threads class SMR info:
_java_thread_list=0x000001e5191f2b40, length=65, elements={
0x000001e574bd4000, 0x000001e50f1d2000, 0x000001e50f1de000, 0x000001e50fa44800,
0x000001e50fa47000, 0x000001e50fa49000, 0x000001e50fa4c000, 0x000001e50fa4e000,
0x000001e50f1ea000, 0x000001e50fbad000, 0x000001e5110b0000, 0x000001e51139e800,
0x000001e5118ac800, 0x000001e511865000, 0x000001e511863800, 0x000001e511a6d800,
0x000001e511a6c800, 0x000001e511a6f000, 0x000001e511a71800, 0x000001e511a74000,
0x000001e511a73000, 0x000001e511a74800, 0x000001e511a77000, 0x000001e5109ca800,
0x000001e5109cb000, 0x000001e5109c5800, 0x000001e5109cc000, 0x000001e5109c6800,
0x000001e5109cd000, 0x000001e51833e800, 0x000001e518332000, 0x000001e518333000,
0x000001e518335800, 0x000001e518333800, 0x000001e518334800, 0x000001e518337000,
0x000001e518336000, 0x000001e518331800, 0x000001e51833a000, 0x000001e51833b000,
0x000001e518338000, 0x000001e518338800, 0x000001e51833c000, 0x000001e51833c800,
0x000001e51833f000, 0x000001e518339800, 0x000001e51833d800, 0x000001e518340000,
0x000001e5184c7800, 0x000001e5184c5000, 0x000001e5184c4000, 0x000001e5184ca000,
0x000001e5184c9000, 0x000001e5184c6000, 0x000001e5184c8000, 0x000001e5184c6800,
0x000001e5184cb800, 0x000001e5184d0800, 0x000001e5184cf000, 0x000001e5184d2000,
0x000001e5184cf800, 0x000001e5184cc800, 0x000001e5184d1000, 0x000001e5184d3000,
0x000001e5184cd000
}

Java Threads: ( => current thread )
  0x000001e574bd4000 JavaThread "main" [_thread_blocked, id=11460, stack(0x000000acccb00000,0x000000acccc00000)]
  0x000001e50f1d2000 JavaThread "Reference Handler" daemon [_thread_blocked, id=3992, stack(0x000000accd200000,0x000000accd300000)]
  0x000001e50f1de000 JavaThread "Finalizer" daemon [_thread_blocked, id=7360, stack(0x000000accd300000,0x000000accd400000)]
  0x000001e50fa44800 JavaThread "Signal Dispatcher" daemon [_thread_blocked, id=7288, stack(0x000000accd400000,0x000000accd500000)]
  0x000001e50fa47000 JavaThread "Attach Listener" daemon [_thread_blocked, id=11984, stack(0x000000accd500000,0x000000accd600000)]
  0x000001e50fa49000 JavaThread "Service Thread" daemon [_thread_blocked, id=9036, stack(0x000000accd600000,0x000000accd700000)]
=>0x000001e50fa4c000 JavaThread "C2 CompilerThread0" daemon [_thread_in_native, id=6308, stack(0x000000accd700000,0x000000accd800000)]
  0x000001e50fa4e000 JavaThread "C1 CompilerThread0" daemon [_thread_blocked, id=11020, stack(0x000000accd800000,0x000000accd900000)]
  0x000001e50f1ea000 JavaThread "Sweeper thread" daemon [_thread_blocked, id=13092, stack(0x000000accd900000,0x000000accda00000)]
  0x000001e50fbad000 JavaThread "Common-Cleaner" daemon [_thread_blocked, id=13224, stack(0x000000accda00000,0x000000accdb00000)]
  0x000001e5110b0000 JavaThread "Daemon health stats" [_thread_blocked, id=9288, stack(0x000000accde00000,0x000000accdf00000)]
  0x000001e51139e800 JavaThread "Incoming local TCP Connector on port 1145" [_thread_in_native, id=12852, stack(0x000000accdf00000,0x000000acce000000)]
  0x000001e5118ac800 JavaThread "Daemon periodic checks" [_thread_blocked, id=10204, stack(0x000000acce100000,0x000000acce200000)]
  0x000001e511865000 JavaThread "Cache worker for file hash cache (C:\Users\ASUS\.gradle\caches\7.0.2\fileHashes)" [_thread_blocked, id=6136, stack(0x000000acced00000,0x000000accee00000)]
  0x000001e511863800 JavaThread "File lock request listener" [_thread_in_native, id=12376, stack(0x000000accee00000,0x000000accef00000)]
  0x000001e511a6d800 JavaThread "Cache worker for journal cache (C:\Users\ASUS\.gradle\caches\journal-1)" [_thread_blocked, id=4672, stack(0x000000accf000000,0x000000accf100000)]
  0x000001e511a6c800 JavaThread "File watcher server" daemon [_thread_in_native, id=12992, stack(0x000000accf300000,0x000000accf400000)]
  0x000001e511a6f000 JavaThread "File watcher consumer" daemon [_thread_blocked, id=5248, stack(0x000000accf400000,0x000000accf500000)]
  0x000001e511a71800 JavaThread "Cache worker for execution history cache (C:\Users\ASUS\.gradle\caches\7.0.2\executionHistory)" [_thread_blocked, id=9408, stack(0x000000accf700000,0x000000accf800000)]
  0x000001e511a74000 JavaThread "jar transforms" [_thread_blocked, id=12360, stack(0x000000accf800000,0x000000accf900000)]
  0x000001e511a73000 JavaThread "jar transforms Thread 2" [_thread_blocked, id=8012, stack(0x000000accf900000,0x000000accfa00000)]
  0x000001e511a74800 JavaThread "Cache worker for file content cache (C:\Users\ASUS\.gradle\caches\7.0.2\fileContent)" [_thread_blocked, id=9608, stack(0x000000accfa00000,0x000000accfb00000)]
  0x000001e511a77000 JavaThread "jar transforms Thread 3" [_thread_blocked, id=12844, stack(0x000000accfb00000,0x000000accfc00000)]
  0x000001e5109ca800 JavaThread "jar transforms Thread 4" [_thread_blocked, id=10268, stack(0x000000acd0600000,0x000000acd0700000)]
  0x000001e5109cb000 JavaThread "jar transforms Thread 5" [_thread_blocked, id=12428, stack(0x000000acd0700000,0x000000acd0800000)]
  0x000001e5109c5800 JavaThread "jar transforms Thread 6" [_thread_blocked, id=10160, stack(0x000000acd0800000,0x000000acd0900000)]
  0x000001e5109cc000 JavaThread "jar transforms Thread 7" [_thread_blocked, id=1672, stack(0x000000acd0900000,0x000000acd0a00000)]
  0x000001e5109c6800 JavaThread "jar transforms Thread 8" [_thread_blocked, id=10484, stack(0x000000acd0a00000,0x000000acd0b00000)]
  0x000001e5109cd000 JavaThread "Memory manager" [_thread_blocked, id=10992, stack(0x000000acd0c00000,0x000000acd0d00000)]
  0x000001e51833e800 JavaThread "ForkJoinPool.commonPool-worker-13" daemon [_thread_blocked, id=856, stack(0x000000acd1b00000,0x000000acd1c00000)]
  0x000001e518332000 JavaThread "Daemon Thread 7" [_thread_blocked, id=11444, stack(0x000000accc800000,0x000000accc900000)]
  0x000001e518333000 JavaThread "Daemon worker Thread 7" [_thread_blocked, id=11624, stack(0x000000acce000000,0x000000acce100000)]
  0x000001e518335800 JavaThread "Handler for socket connection from /127.0.0.1:1145 to /127.0.0.1:1071" [_thread_in_native, id=5888, stack(0x000000accc900000,0x000000accca00000)]
  0x000001e518333800 JavaThread "Cancel handler" [_thread_blocked, id=8708, stack(0x000000accca00000,0x000000acccb00000)]
  0x000001e518334800 JavaThread "Asynchronous log dispatcher for DefaultDaemonConnection: socket connection from /127.0.0.1:1145 to /127.0.0.1:1071" [_thread_blocked, id=3868, stack(0x000000acce200000,0x000000acce300000)]
  0x000001e518337000 JavaThread "Stdin handler" [_thread_blocked, id=12608, stack(0x000000acce300000,0x000000acce400000)]
  0x000001e518336000 JavaThread "Daemon client event forwarder" [_thread_blocked, id=8752, stack(0x000000acce400000,0x000000acce500000)]
  0x000001e518331800 JavaThread "Cache worker for file hash cache (D:\Projects\Android_Studio\MyHealthPlusPlus\.gradle\7.0.2\fileHashes)" [_thread_blocked, id=9156, stack(0x000000acce500000,0x000000acce600000)]
  0x000001e51833a000 JavaThread "Cache worker for checksums cache (D:\Projects\Android_Studio\MyHealthPlusPlus\.gradle\checksums)" [_thread_blocked, id=3412, stack(0x000000acce600000,0x000000acce700000)]
  0x000001e51833b000 JavaThread "Cache worker for cache directory md-supplier (C:\Users\ASUS\.gradle\caches\7.0.2\md-supplier)" [_thread_blocked, id=13252, stack(0x000000acce700000,0x000000acce800000)]
  0x000001e518338000 JavaThread "Cache worker for cache directory md-rule (C:\Users\ASUS\.gradle\caches\7.0.2\md-rule)" [_thread_blocked, id=6984, stack(0x000000accf100000,0x000000accf200000)]
  0x000001e518338800 JavaThread "Cache worker for dependencies-accessors (D:\Projects\Android_Studio\MyHealthPlusPlus\.gradle\7.0.2\dependencies-accessors)" [_thread_blocked, id=7116, stack(0x000000accf200000,0x000000accf300000)]
  0x000001e51833c000 JavaThread "Cache worker for Build Output Cleanup Cache (D:\Projects\Android_Studio\MyHealthPlusPlus\.gradle\buildOutputCleanup)" [_thread_blocked, id=5332, stack(0x000000accf500000,0x000000accf600000)]
  0x000001e51833c800 JavaThread "C2 CompilerThread1" daemon [_thread_in_native, id=9952, stack(0x000000accf600000,0x000000accf700000)]
  0x000001e51833f000 JavaThread "Build operations" [_thread_blocked, id=10304, stack(0x000000accfc00000,0x000000accfd00000)]
  0x000001e518339800 JavaThread "Build operations Thread 2" [_thread_blocked, id=10152, stack(0x000000accfd00000,0x000000accfe00000)]
  0x000001e51833d800 JavaThread "Build operations Thread 3" [_thread_blocked, id=8236, stack(0x000000accfe00000,0x000000accff00000)]
  0x000001e518340000 JavaThread "Build operations Thread 4" [_thread_blocked, id=10988, stack(0x000000accff00000,0x000000acd0000000)]
  0x000001e5184c7800 JavaThread "Build operations Thread 5" [_thread_blocked, id=10816, stack(0x000000acd0000000,0x000000acd0100000)]
  0x000001e5184c5000 JavaThread "Build operations Thread 6" [_thread_blocked, id=8036, stack(0x000000acd0100000,0x000000acd0200000)]
  0x000001e5184c4000 JavaThread "Build operations Thread 7" [_thread_blocked, id=8780, stack(0x000000acd0200000,0x000000acd0300000)]
  0x000001e5184ca000 JavaThread "Build operations Thread 8" [_thread_blocked, id=6056, stack(0x000000acd0300000,0x000000acd0400000)]
  0x000001e5184c9000 JavaThread "build event listener" [_thread_blocked, id=9296, stack(0x000000acd0400000,0x000000acd0500000)]
  0x000001e5184c6000 JavaThread "Execution worker for ':'" [_thread_blocked, id=13172, stack(0x000000acd0500000,0x000000acd0600000)]
  0x000001e5184c8000 JavaThread "Execution worker for ':' Thread 2" [_thread_blocked, id=11036, stack(0x000000acd0b00000,0x000000acd0c00000)]
  0x000001e5184c6800 JavaThread "Execution worker for ':' Thread 3" [_thread_blocked, id=2628, stack(0x000000acd0d00000,0x000000acd0e00000)]
  0x000001e5184cb800 JavaThread "Execution worker for ':' Thread 4" [_thread_blocked, id=9748, stack(0x000000acd0e00000,0x000000acd0f00000)]
  0x000001e5184d0800 JavaThread "Execution worker for ':' Thread 5" [_thread_blocked, id=10180, stack(0x000000acd0f00000,0x000000acd1000000)]
  0x000001e5184cf000 JavaThread "Execution worker for ':' Thread 6" [_thread_blocked, id=2612, stack(0x000000acd1000000,0x000000acd1100000)]
  0x000001e5184d2000 JavaThread "Execution worker for ':' Thread 7" [_thread_blocked, id=2512, stack(0x000000acd1100000,0x000000acd1200000)]
  0x000001e5184cf800 JavaThread "Cache worker for execution history cache (D:\Projects\Android_Studio\MyHealthPlusPlus\.gradle\7.0.2\executionHistory)" [_thread_blocked, id=6564, stack(0x000000acd1200000,0x000000acd1300000)]
  0x000001e5184cc800 JavaThread "WorkerExecutor Queue" [_thread_blocked, id=2552, stack(0x000000acd1300000,0x000000acd1400000)]
  0x000001e5184d1000 JavaThread "pool-38-thread-1" [_thread_blocked, id=3268, stack(0x000000acd1400000,0x000000acd1500000)]
  0x000001e5184d3000 JavaThread "stderr" [_thread_in_native, id=5212, stack(0x000000acd1500000,0x000000acd1600000)]
  0x000001e5184cd000 JavaThread "stdout" [_thread_in_native, id=4472, stack(0x000000acd1600000,0x000000acd1700000)]

Other Threads:
  0x000001e50f1cf000 VMThread "VM Thread" [stack: 0x000000accd100000,0x000000accd200000] [id=8980]
  0x000001e50fbc2800 WatcherThread [stack: 0x000000accdb00000,0x000000accdc00000] [id=10384]
  0x000001e574c2a800 GCTaskThread "GC Thread#0" [stack: 0x000000acccc00000,0x000000acccd00000] [id=7792]
  0x000001e510753800 GCTaskThread "GC Thread#1" [stack: 0x000000accdc00000,0x000000accdd00000] [id=4708]
  0x000001e510985000 GCTaskThread "GC Thread#2" [stack: 0x000000accdd00000,0x000000accde00000] [id=10308]
  0x000001e50fc5d800 GCTaskThread "GC Thread#3" [stack: 0x000000acce800000,0x000000acce900000] [id=10244]
  0x000001e51048c000 GCTaskThread "GC Thread#4" [stack: 0x000000acce900000,0x000000accea00000] [id=12280]
  0x000001e510cf1000 GCTaskThread "GC Thread#5" [stack: 0x000000accea00000,0x000000acceb00000] [id=7784]
  0x000001e510c5f800 GCTaskThread "GC Thread#6" [stack: 0x000000acceb00000,0x000000accec00000] [id=8060]
  0x000001e510c60000 GCTaskThread "GC Thread#7" [stack: 0x000000accec00000,0x000000acced00000] [id=11476]
  0x000001e574c4a800 ConcurrentGCThread "G1 Main Marker" [stack: 0x000000acccd00000,0x000000accce00000] [id=10336]
  0x000001e574c4c000 ConcurrentGCThread "G1 Conc#0" [stack: 0x000000accce00000,0x000000acccf00000] [id=9400]
  0x000001e511a13000 ConcurrentGCThread "G1 Conc#1" [stack: 0x000000accef00000,0x000000accf000000] [id=1264]
  0x000001e574ca8800 ConcurrentGCThread "G1 Refine#0" [stack: 0x000000acccf00000,0x000000accd000000] [id=7384]
  0x000001e51a96f800 ConcurrentGCThread "G1 Refine#1" [stack: 0x000000acd1900000,0x000000acd1a00000] [id=12272]
  0x000001e518686800 ConcurrentGCThread "G1 Refine#2" [stack: 0x000000acd1a00000,0x000000acd1b00000] [id=13228]
  0x000001e574ca9800 ConcurrentGCThread "G1 Young RemSet Sampling" [stack: 0x000000accd000000,0x000000accd100000] [id=8496]

Threads with active compile tasks:
C2 CompilerThread02197328 17809   !   4       org.gradle.api.internal.provider.DefaultValueSourceProviderFactory$LazilyObtainedValue::obtainValueForThe1stTime (40 bytes)
C2 CompilerThread12197328 17808       4       org.gradle.api.internal.provider.DefaultValueSourceProviderFactory$ValueSourceProvider::calculateOwnValue (18 bytes)

VM state:not at safepoint (normal execution)

VM Mutex/Monitor currently owned by a thread: None

Heap address: 0x0000000080000000, size: 2048 MB, Compressed Oops mode: 32-bit
Narrow klass base: 0x0000000000000000, Narrow klass shift: 3
Compressed class space size: 1073741824 Address: 0x0000000100000000

Heap:
 garbage-first heap   total 141312K, used 89597K [0x0000000080000000, 0x0000000100000000)
  region size 1024K, 13 young (13312K), 1 survivors (1024K)
 Metaspace       used 95827K, capacity 98670K, committed 98816K, reserved 1134592K
  class space    used 11935K, capacity 12932K, committed 13056K, reserved 1048576K
Heap Regions: E=young(eden), S=young(survivor), O=old, HS=humongous(starts), HC=humongous(continues), CS=collection set, F=free, A=archive, TAMS=top-at-mark-start (previous, next)
|   0|0x0000000080000000, 0x0000000080100000, 0x0000000080100000|100%| O|  |TAMS 0x0000000080100000, 0x0000000080000000| Untracked 
|   1|0x0000000080100000, 0x0000000080200000, 0x0000000080200000|100%| O|  |TAMS 0x0000000080200000, 0x0000000080100000| Untracked 
|   2|0x0000000080200000, 0x0000000080300000, 0x0000000080300000|100%| O|  |TAMS 0x0000000080300000, 0x0000000080200000| Untracked 
|   3|0x0000000080300000, 0x0000000080400000, 0x0000000080400000|100%|HS|  |TAMS 0x0000000080400000, 0x0000000080300000| Complete 
|   4|0x0000000080400000, 0x0000000080500000, 0x0000000080500000|100%|HC|  |TAMS 0x0000000080500000, 0x0000000080400000| Complete 
|   5|0x0000000080500000, 0x0000000080600000, 0x0000000080600000|100%|HC|  |TAMS 0x0000000080600000, 0x0000000080500000| Complete 
|   6|0x0000000080600000, 0x0000000080700000, 0x0000000080700000|100%| O|  |TAMS 0x0000000080700000, 0x0000000080600000| Untracked 
|   7|0x0000000080700000, 0x0000000080800000, 0x0000000080800000|100%| O|  |TAMS 0x0000000080800000, 0x0000000080700000| Untracked 
|   8|0x0000000080800000, 0x0000000080900000, 0x0000000080900000|100%| O|  |TAMS 0x0000000080900000, 0x0000000080800000| Untracked 
|   9|0x0000000080900000, 0x0000000080a00000, 0x0000000080a00000|100%| O|  |TAMS 0x0000000080a00000, 0x0000000080900000| Untracked 
|  10|0x0000000080a00000, 0x0000000080b00000, 0x0000000080b00000|100%| O|  |TAMS 0x0000000080b00000, 0x0000000080a00000| Untracked 
|  11|0x0000000080b00000, 0x0000000080c00000, 0x0000000080c00000|100%| O|  |TAMS 0x0000000080c00000, 0x0000000080b00000| Untracked 
|  12|0x0000000080c00000, 0x0000000080d00000, 0x0000000080d00000|100%| O|  |TAMS 0x0000000080d00000, 0x0000000080c00000| Untracked 
|  13|0x0000000080d00000, 0x0000000080e00000, 0x0000000080e00000|100%| O|  |TAMS 0x0000000080e00000, 0x0000000080d00000| Untracked 
|  14|0x0000000080e00000, 0x0000000080f00000, 0x0000000080f00000|100%| O|  |TAMS 0x0000000080f00000, 0x0000000080e00000| Untracked 
|  15|0x0000000080f00000, 0x0000000081000000, 0x0000000081000000|100%| O|  |TAMS 0x0000000081000000, 0x0000000080f00000| Untracked 
|  16|0x0000000081000000, 0x0000000081100000, 0x0000000081100000|100%| O|  |TAMS 0x0000000081100000, 0x0000000081000000| Untracked 
|  17|0x0000000081100000, 0x0000000081200000, 0x0000000081200000|100%| O|  |TAMS 0x0000000081200000, 0x0000000081100000| Untracked 
|  18|0x0000000081200000, 0x0000000081300000, 0x0000000081300000|100%|HS|  |TAMS 0x0000000081300000, 0x0000000081200000| Complete 
|  19|0x0000000081300000, 0x0000000081400000, 0x0000000081400000|100%| O|  |TAMS 0x0000000081400000, 0x0000000081300000| Untracked 
|  20|0x0000000081400000, 0x0000000081500000, 0x0000000081500000|100%| O|  |TAMS 0x0000000081500000, 0x0000000081400000| Untracked 
|  21|0x0000000081500000, 0x0000000081600000, 0x0000000081600000|100%| O|  |TAMS 0x0000000081600000, 0x0000000081500000| Untracked 
|  22|0x0000000081600000, 0x0000000081700000, 0x0000000081700000|100%| O|  |TAMS 0x0000000081700000, 0x0000000081600000| Untracked 
|  23|0x0000000081700000, 0x0000000081800000, 0x0000000081800000|100%|HS|  |TAMS 0x0000000081800000, 0x0000000081700000| Complete 
|  24|0x0000000081800000, 0x0000000081900000, 0x0000000081900000|100%| O|  |TAMS 0x0000000081900000, 0x0000000081800000| Untracked 
|  25|0x0000000081900000, 0x0000000081a00000, 0x0000000081a00000|100%| O|  |TAMS 0x0000000081a00000, 0x0000000081900000| Untracked 
|  26|0x0000000081a00000, 0x0000000081b00000, 0x0000000081b00000|100%| O|  |TAMS 0x0000000081b00000, 0x0000000081a00000| Untracked 
|  27|0x0000000081b00000, 0x0000000081c00000, 0x0000000081c00000|100%| O|  |TAMS 0x0000000081c00000, 0x0000000081b00000| Untracked 
|  28|0x0000000081c00000, 0x0000000081d00000, 0x0000000081d00000|100%|HS|  |TAMS 0x0000000081d00000, 0x0000000081c00000| Complete 
|  29|0x0000000081d00000, 0x0000000081e00000, 0x0000000081e00000|100%|HC|  |TAMS 0x0000000081e00000, 0x0000000081d00000| Complete 
|  30|0x0000000081e00000, 0x0000000081f00000, 0x0000000081f00000|100%| O|  |TAMS 0x0000000081f00000, 0x0000000081e00000| Untracked 
|  31|0x0000000081f00000, 0x0000000082000000, 0x0000000082000000|100%| O|  |TAMS 0x0000000082000000, 0x0000000081f00000| Untracked 
|  32|0x0000000082000000, 0x0000000082100000, 0x0000000082100000|100%| O|  |TAMS 0x0000000082000000, 0x0000000082000000| Untracked 
|  33|0x0000000082100000, 0x0000000082200000, 0x0000000082200000|100%| O|  |TAMS 0x0000000082200000, 0x0000000082100000| Untracked 
|  34|0x0000000082200000, 0x0000000082300000, 0x0000000082300000|100%| O|  |TAMS 0x0000000082300000, 0x0000000082200000| Untracked 
|  35|0x0000000082300000, 0x0000000082400000, 0x0000000082400000|100%| O|  |TAMS 0x0000000082400000, 0x0000000082300000| Untracked 
|  36|0x0000000082400000, 0x0000000082500000, 0x0000000082500000|100%| O|  |TAMS 0x0000000082500000, 0x0000000082400000| Untracked 
|  37|0x0000000082500000, 0x0000000082600000, 0x0000000082600000|100%| O|  |TAMS 0x0000000082600000, 0x0000000082500000| Untracked 
|  38|0x0000000082600000, 0x0000000082700000, 0x0000000082700000|100%| O|  |TAMS 0x0000000082700000, 0x0000000082600000| Untracked 
|  39|0x0000000082700000, 0x0000000082800000, 0x0000000082800000|100%| O|  |TAMS 0x0000000082800000, 0x0000000082700000| Untracked 
|  40|0x0000000082800000, 0x0000000082900000, 0x0000000082900000|100%| O|  |TAMS 0x0000000082900000, 0x0000000082800000| Untracked 
|  41|0x0000000082900000, 0x0000000082a00000, 0x0000000082a00000|100%| O|  |TAMS 0x0000000082a00000, 0x0000000082900000| Untracked 
|  42|0x0000000082a00000, 0x0000000082b00000, 0x0000000082b00000|100%| O|  |TAMS 0x0000000082b00000, 0x0000000082a00000| Untracked 
|  43|0x0000000082b00000, 0x0000000082c00000, 0x0000000082c00000|100%| O|  |TAMS 0x0000000082c00000, 0x0000000082b00000| Untracked 
|  44|0x0000000082c00000, 0x0000000082d00000, 0x0000000082d00000|100%| O|  |TAMS 0x0000000082d00000, 0x0000000082c00000| Untracked 
|  45|0x0000000082d00000, 0x0000000082e00000, 0x0000000082e00000|100%| O|  |TAMS 0x0000000082e00000, 0x0000000082d00000| Untracked 
|  46|0x0000000082e00000, 0x0000000082f00000, 0x0000000082f00000|100%| O|  |TAMS 0x0000000082f00000, 0x0000000082e00000| Untracked 
|  47|0x0000000082f00000, 0x0000000082f00000, 0x0000000083000000|  0%| F|  |TAMS 0x0000000082f00000, 0x0000000082f00000| Untracked 
|  48|0x0000000083000000, 0x0000000083000000, 0x0000000083100000|  0%| F|  |TAMS 0x0000000083000000, 0x0000000083000000| Untracked 
|  49|0x0000000083100000, 0x0000000083200000, 0x0000000083200000|100%| O|  |TAMS 0x0000000083200000, 0x0000000083100000| Untracked 
|  50|0x0000000083200000, 0x0000000083200000, 0x0000000083300000|  0%| F|  |TAMS 0x0000000083200000, 0x0000000083200000| Untracked 
|  51|0x0000000083300000, 0x0000000083300000, 0x0000000083400000|  0%| F|  |TAMS 0x0000000083300000, 0x0000000083300000| Untracked 
|  52|0x0000000083400000, 0x0000000083400000, 0x0000000083500000|  0%| F|  |TAMS 0x0000000083400000, 0x0000000083400000| Untracked 
|  53|0x0000000083500000, 0x0000000083600000, 0x0000000083600000|100%| O|  |TAMS 0x0000000083600000, 0x0000000083500000| Untracked 
|  54|0x0000000083600000, 0x0000000083700000, 0x0000000083700000|100%| O|  |TAMS 0x0000000083700000, 0x0000000083600000| Untracked 
|  55|0x0000000083700000, 0x0000000083800000, 0x0000000083800000|100%| O|  |TAMS 0x0000000083800000, 0x0000000083700000| Untracked 
|  56|0x0000000083800000, 0x0000000083800000, 0x0000000083900000|  0%| F|  |TAMS 0x0000000083800000, 0x0000000083800000| Untracked 
|  57|0x0000000083900000, 0x0000000083a00000, 0x0000000083a00000|100%| O|  |TAMS 0x0000000083a00000, 0x0000000083900000| Untracked 
|  58|0x0000000083a00000, 0x0000000083b00000, 0x0000000083b00000|100%| O|  |TAMS 0x0000000083a00000, 0x0000000083a00000| Untracked 
|  59|0x0000000083b00000, 0x0000000083c00000, 0x0000000083c00000|100%| O|  |TAMS 0x0000000083c00000, 0x0000000083b00000| Untracked 
|  60|0x0000000083c00000, 0x0000000083c00000, 0x0000000083d00000|  0%| F|  |TAMS 0x0000000083c00000, 0x0000000083c00000| Untracked 
|  61|0x0000000083d00000, 0x0000000083e00000, 0x0000000083e00000|100%| O|  |TAMS 0x0000000083e00000, 0x0000000083d00000| Untracked 
|  62|0x0000000083e00000, 0x0000000083f00000, 0x0000000083f00000|100%| O|  |TAMS 0x0000000083e00000, 0x0000000083e00000| Untracked 
|  63|0x0000000083f00000, 0x0000000084000000, 0x0000000084000000|100%| O|  |TAMS 0x0000000084000000, 0x0000000083f00000| Untracked 
|  64|0x0000000084000000, 0x0000000084100000, 0x0000000084100000|100%| O|  |TAMS 0x0000000084100000, 0x0000000084000000| Untracked 
|  65|0x0000000084100000, 0x0000000084200000, 0x0000000084200000|100%| O|  |TAMS 0x0000000084200000, 0x0000000084100000| Untracked 
|  66|0x0000000084200000, 0x0000000084300000, 0x0000000084300000|100%| O|  |TAMS 0x0000000084200000, 0x0000000084200000| Untracked 
|  67|0x0000000084300000, 0x0000000084400000, 0x0000000084400000|100%| O|  |TAMS 0x0000000084400000, 0x0000000084300000| Untracked 
|  68|0x0000000084400000, 0x0000000084400000, 0x0000000084500000|  0%| F|  |TAMS 0x0000000084400000, 0x0000000084400000| Untracked 
|  69|0x0000000084500000, 0x0000000084600000, 0x0000000084600000|100%| O|  |TAMS 0x0000000084600000, 0x0000000084500000| Untracked 
|  70|0x0000000084600000, 0x0000000084700000, 0x0000000084700000|100%| O|  |TAMS 0x0000000084700000, 0x0000000084600000| Untracked 
|  71|0x0000000084700000, 0x0000000084700000, 0x0000000084800000|  0%| F|  |TAMS 0x0000000084700000, 0x0000000084700000| Untracked 
|  72|0x0000000084800000, 0x0000000084900000, 0x0000000084900000|100%| O|  |TAMS 0x0000000084900000, 0x0000000084800000| Untracked 
|  73|0x0000000084900000, 0x0000000084a00000, 0x0000000084a00000|100%| O|  |TAMS 0x0000000084900000, 0x0000000084900000| Untracked 
|  74|0x0000000084a00000, 0x0000000084b00000, 0x0000000084b00000|100%| O|  |TAMS 0x0000000084b00000, 0x0000000084a00000| Untracked 
|  75|0x0000000084b00000, 0x0000000084c00000, 0x0000000084c00000|100%| O|  |TAMS 0x0000000084b00000, 0x0000000084b00000| Untracked 
|  76|0x0000000084c00000, 0x0000000084d00000, 0x0000000084d00000|100%| O|  |TAMS 0x0000000084c00000, 0x0000000084c00000| Untracked 
|  77|0x0000000084d00000, 0x0000000084e00000, 0x0000000084e00000|100%| O|  |TAMS 0x0000000084e00000, 0x0000000084d00000| Untracked 
|  78|0x0000000084e00000, 0x0000000084f00000, 0x0000000084f00000|100%| O|  |TAMS 0x0000000084e00000, 0x0000000084e00000| Untracked 
|  79|0x0000000084f00000, 0x0000000085000000, 0x0000000085000000|100%| O|  |TAMS 0x0000000085000000, 0x0000000084f00000| Untracked 
|  80|0x0000000085000000, 0x0000000085100000, 0x0000000085100000|100%| O|  |TAMS 0x0000000085100000, 0x0000000085000000| Untracked 
|  81|0x0000000085100000, 0x0000000085200000, 0x0000000085200000|100%| O|  |TAMS 0x0000000085100000, 0x0000000085100000| Untracked 
|  82|0x0000000085200000, 0x0000000085200000, 0x0000000085300000|  0%| F|  |TAMS 0x0000000085200000, 0x0000000085200000| Untracked 
|  83|0x0000000085300000, 0x00000000853f0a00, 0x0000000085400000| 93%| O|  |TAMS 0x0000000085300000, 0x0000000085300000| Untracked 
|  84|0x0000000085400000, 0x0000000085400000, 0x0000000085500000|  0%| F|  |TAMS 0x0000000085400000, 0x0000000085400000| Untracked 
|  85|0x0000000085500000, 0x0000000085500000, 0x0000000085600000|  0%| F|  |TAMS 0x0000000085500000, 0x0000000085500000| Untracked 
|  86|0x0000000085600000, 0x0000000085600000, 0x0000000085700000|  0%| F|  |TAMS 0x0000000085600000, 0x0000000085600000| Untracked 
|  87|0x0000000085700000, 0x0000000085700000, 0x0000000085800000|  0%| F|  |TAMS 0x0000000085700000, 0x0000000085700000| Untracked 
|  88|0x0000000085800000, 0x0000000085800000, 0x0000000085900000|  0%| F|  |TAMS 0x0000000085800000, 0x0000000085800000| Untracked 
|  89|0x0000000085900000, 0x0000000085a00000, 0x0000000085a00000|100%| O|  |TAMS 0x0000000085a00000, 0x0000000085900000| Untracked 
|  90|0x0000000085a00000, 0x0000000085a00000, 0x0000000085b00000|  0%| F|  |TAMS 0x0000000085a00000, 0x0000000085a00000| Untracked 
|  91|0x0000000085b00000, 0x0000000085b00000, 0x0000000085c00000|  0%| F|  |TAMS 0x0000000085b00000, 0x0000000085b00000| Untracked 
|  92|0x0000000085c00000, 0x0000000085c00000, 0x0000000085d00000|  0%| F|  |TAMS 0x0000000085c00000, 0x0000000085c00000| Untracked 
|  93|0x0000000085d00000, 0x0000000085d00000, 0x0000000085e00000|  0%| F|  |TAMS 0x0000000085d00000, 0x0000000085d00000| Untracked 
|  94|0x0000000085e00000, 0x0000000085e00000, 0x0000000085f00000|  0%| F|  |TAMS 0x0000000085e00000, 0x0000000085e00000| Untracked 
|  95|0x0000000085f00000, 0x0000000085f00000, 0x0000000086000000|  0%| F|  |TAMS 0x0000000085f00000, 0x0000000085f00000| Untracked 
|  96|0x0000000086000000, 0x0000000086000000, 0x0000000086100000|  0%| F|  |TAMS 0x0000000086000000, 0x0000000086000000| Untracked 
|  97|0x0000000086100000, 0x0000000086100000, 0x0000000086200000|  0%| F|  |TAMS 0x0000000086100000, 0x0000000086100000| Untracked 
|  98|0x0000000086200000, 0x0000000086200000, 0x0000000086300000|  0%| F|  |TAMS 0x0000000086200000, 0x0000000086200000| Untracked 
|  99|0x0000000086300000, 0x0000000086300000, 0x0000000086400000|  0%| F|  |TAMS 0x0000000086300000, 0x0000000086300000| Untracked 
| 100|0x0000000086400000, 0x0000000086400000, 0x0000000086500000|  0%| F|  |TAMS 0x0000000086400000, 0x0000000086400000| Untracked 
| 101|0x0000000086500000, 0x0000000086500000, 0x0000000086600000|  0%| F|  |TAMS 0x0000000086500000, 0x0000000086500000| Untracked 
| 102|0x0000000086600000, 0x0000000086600000, 0x0000000086700000|  0%| F|  |TAMS 0x0000000086600000, 0x0000000086600000| Untracked 
| 103|0x0000000086700000, 0x0000000086700000, 0x0000000086800000|  0%| F|  |TAMS 0x0000000086700000, 0x0000000086700000| Untracked 
| 104|0x0000000086800000, 0x0000000086800000, 0x0000000086900000|  0%| F|  |TAMS 0x0000000086800000, 0x0000000086800000| Untracked 
| 105|0x0000000086900000, 0x0000000086900000, 0x0000000086a00000|  0%| F|  |TAMS 0x0000000086900000, 0x0000000086900000| Untracked 
| 106|0x0000000086a00000, 0x0000000086a00000, 0x0000000086b00000|  0%| F|  |TAMS 0x0000000086a00000, 0x0000000086a00000| Untracked 
| 107|0x0000000086b00000, 0x0000000086b00000, 0x0000000086c00000|  0%| F|  |TAMS 0x0000000086b00000, 0x0000000086b00000| Untracked 
| 108|0x0000000086c00000, 0x0000000086c00000, 0x0000000086d00000|  0%| F|  |TAMS 0x0000000086c00000, 0x0000000086c00000| Untracked 
| 109|0x0000000086d00000, 0x0000000086d00000, 0x0000000086e00000|  0%| F|  |TAMS 0x0000000086d00000, 0x0000000086d00000| Untracked 
| 110|0x0000000086e00000, 0x0000000086e00000, 0x0000000086f00000|  0%| F|  |TAMS 0x0000000086e00000, 0x0000000086e00000| Untracked 
| 111|0x0000000086f00000, 0x0000000087000000, 0x0000000087000000|100%| O|  |TAMS 0x0000000087000000, 0x0000000086f00000| Untracked 
| 112|0x0000000087000000, 0x0000000087000000, 0x0000000087100000|  0%| F|  |TAMS 0x0000000087000000, 0x0000000087000000| Untracked 
| 113|0x0000000087100000, 0x0000000087100000, 0x0000000087200000|  0%| F|  |TAMS 0x0000000087100000, 0x0000000087100000| Untracked 
| 114|0x0000000087200000, 0x0000000087200000, 0x0000000087300000|  0%| F|  |TAMS 0x0000000087200000, 0x0000000087200000| Untracked 
| 115|0x0000000087300000, 0x0000000087300000, 0x0000000087400000|  0%| F|  |TAMS 0x0000000087300000, 0x0000000087300000| Untracked 
| 116|0x0000000087400000, 0x0000000087400000, 0x0000000087500000|  0%| F|  |TAMS 0x0000000087400000, 0x0000000087400000| Untracked 
| 117|0x0000000087500000, 0x0000000087500000, 0x0000000087600000|  0%| F|  |TAMS 0x0000000087500000, 0x0000000087500000| Untracked 
| 118|0x0000000087600000, 0x0000000087600000, 0x0000000087700000|  0%| F|  |TAMS 0x0000000087600000, 0x0000000087600000| Untracked 
| 119|0x0000000087700000, 0x0000000087700000, 0x0000000087800000|  0%| F|  |TAMS 0x0000000087700000, 0x0000000087700000| Untracked 
| 120|0x0000000087800000, 0x0000000087900000, 0x0000000087900000|100%| O|  |TAMS 0x0000000087900000, 0x0000000087800000| Untracked 
| 121|0x0000000087900000, 0x0000000087900000, 0x0000000087a00000|  0%| F|  |TAMS 0x0000000087900000, 0x0000000087900000| Untracked 
| 122|0x0000000087a00000, 0x0000000087a00000, 0x0000000087b00000|  0%| F|  |TAMS 0x0000000087a00000, 0x0000000087a00000| Untracked 
| 123|0x0000000087b00000, 0x0000000087b00000, 0x0000000087c00000|  0%| F|  |TAMS 0x0000000087b00000, 0x0000000087b00000| Untracked 
| 124|0x0000000087c00000, 0x0000000087c00000, 0x0000000087d00000|  0%| F|  |TAMS 0x0000000087c00000, 0x0000000087c00000| Untracked 
| 125|0x0000000087d00000, 0x0000000087df6550, 0x0000000087e00000| 96%| E|  |TAMS 0x0000000087d00000, 0x0000000087d00000| Complete 
| 126|0x0000000087e00000, 0x0000000087f00000, 0x0000000087f00000|100%| E|CS|TAMS 0x0000000087e00000, 0x0000000087e00000| Complete 
| 127|0x0000000087f00000, 0x0000000088000000, 0x0000000088000000|100%| E|CS|TAMS 0x0000000087f00000, 0x0000000087f00000| Complete 
| 128|0x0000000088000000, 0x0000000088100000, 0x0000000088100000|100%| E|CS|TAMS 0x0000000088000000, 0x0000000088000000| Complete 
| 129|0x0000000088100000, 0x0000000088200000, 0x0000000088200000|100%| E|CS|TAMS 0x0000000088100000, 0x0000000088100000| Complete 
| 130|0x0000000088200000, 0x0000000088300000, 0x0000000088300000|100%| E|  |TAMS 0x0000000088200000, 0x0000000088200000| Complete 
| 131|0x0000000088300000, 0x0000000088400000, 0x0000000088400000|100%| E|CS|TAMS 0x0000000088300000, 0x0000000088300000| Complete 
| 132|0x0000000088400000, 0x0000000088500000, 0x0000000088500000|100%| E|CS|TAMS 0x0000000088400000, 0x0000000088400000| Complete 
| 133|0x0000000088500000, 0x0000000088600000, 0x0000000088600000|100%| E|CS|TAMS 0x0000000088500000, 0x0000000088500000| Complete 
| 134|0x0000000088600000, 0x0000000088700000, 0x0000000088700000|100%| E|CS|TAMS 0x0000000088600000, 0x0000000088600000| Complete 
| 135|0x0000000088700000, 0x000000008878ed00, 0x0000000088800000| 55%| S|CS|TAMS 0x0000000088700000, 0x0000000088700000| Complete 
| 136|0x0000000088800000, 0x0000000088900000, 0x0000000088900000|100%| E|CS|TAMS 0x0000000088800000, 0x0000000088800000| Complete 
| 137|0x0000000088900000, 0x0000000088a00000, 0x0000000088a00000|100%| E|CS|TAMS 0x0000000088900000, 0x0000000088900000| Complete 

Card table byte_map: [0x000001e578df0000,0x000001e5791f0000] _byte_map_base: 0x000001e5789f0000

Marking Bits (Prev, Next): (CMBitMap*) 0x000001e574c49dc0, (CMBitMap*) 0x000001e574c49d88
 Prev Bits: [0x000001e57b5f0000, 0x000001e57d5f0000)
 Next Bits: [0x000001e5795f0000, 0x000001e57b5f0000)

Polling page: 0x000001e572b40000

Metaspace:

Usage:
  Non-class:     83.73 MB capacity,    81.93 MB ( 98%) used,     1.49 MB (  2%) free+waste,   325.00 KB ( <1%) overhead. 
      Class:     12.63 MB capacity,    11.66 MB ( 92%) used,   854.31 KB (  7%) free+waste,   142.00 KB (  1%) overhead. 
       Both:     96.36 MB capacity,    93.58 MB ( 97%) used,     2.32 MB (  2%) free+waste,   467.00 KB ( <1%) overhead. 

Virtual space:
  Non-class space:       84.00 MB reserved,      83.75 MB (>99%) committed 
      Class space:        1.00 GB reserved,      12.75 MB (  1%) committed 
             Both:        1.08 GB reserved,      96.50 MB (  9%) committed 

Chunk freelists:
   Non-Class:  22.00 KB
       Class:  84.00 KB
        Both:  106.00 KB

MaxMetaspaceSize: 17179869184.00 GB
CompressedClassSpaceSize: 1.00 GB

CodeHeap 'non-profiled nmethods': size=120000Kb used=13916Kb max_used=13916Kb free=106083Kb
 bounds [0x000001e507ad0000, 0x000001e508870000, 0x000001e50f000000]
CodeHeap 'profiled nmethods': size=120000Kb used=36692Kb max_used=37254Kb free=83307Kb
 bounds [0x000001e5005a0000, 0x000001e502a30000, 0x000001e507ad0000]
CodeHeap 'non-nmethods': size=5760Kb used=2311Kb max_used=2422Kb free=3448Kb
 bounds [0x000001e500000000, 0x000001e500270000, 0x000001e5005a0000]
 total_blobs=17844 nmethods=16927 adapters=827
 compilation: enabled
              stopped_count=0, restarted_count=0
 full_count=0

Compilation events (20 events):
Event: 2197.040 Thread 0x000001e50fa4e000 17953       3       org.gradle.internal.operations.DefaultBuildOperationQueue$WorkerRunnable$$Lambda$491/0x0000000100641c40::create (12 bytes)
Event: 2197.041 Thread 0x000001e50fa4e000 nmethod 17953 0x000001e5009b6090 code [0x000001e5009b62c0, 0x000001e5009b68b8]
Event: 2197.041 Thread 0x000001e50fa4e000 17957   !   3       org.gradle.internal.operations.DefaultBuildOperationQueue::completeOperations (47 bytes)
Event: 2197.042 Thread 0x000001e50fa4e000 nmethod 17957 0x000001e5009e6710 code [0x000001e5009e69a0, 0x000001e5009e7468]
Event: 2197.042 Thread 0x000001e50fa4e000 17954       3       org.gradle.internal.operations.DefaultBuildOperationQueue$WorkerRunnable$$Lambda$491/0x0000000100641c40::<init> (15 bytes)
Event: 2197.042 Thread 0x000001e50fa4e000 nmethod 17954 0x000001e5008f6d10 code [0x000001e5008f6ec0, 0x000001e5008f70d8]
Event: 2197.042 Thread 0x000001e50fa4e000 17956       3       org.gradle.internal.operations.DefaultBuildOperationQueue$WorkerRunnable::lambda$runBatch$0 (9 bytes)
Event: 2197.043 Thread 0x000001e50fa4e000 nmethod 17956 0x000001e5009e5810 code [0x000001e5009e5a60, 0x000001e5009e6248]
Event: 2197.043 Thread 0x000001e50fa4e000 17955       3       org.gradle.internal.operations.DefaultBuildOperationQueue$WorkerRunnable$$Lambda$491/0x0000000100641c40::get$Lambda (10 bytes)
Event: 2197.044 Thread 0x000001e50fa4e000 nmethod 17955 0x000001e5009a5c90 code [0x000001e5009a5e60, 0x000001e5009a6118]
Event: 2197.047 Thread 0x000001e50fa4e000 17958       3       org.gradle.internal.execution.steps.SkipUpToDateStep$1::getReusedOutputOriginMetadata (13 bytes)
Event: 2197.047 Thread 0x000001e50fa4e000 nmethod 17958 0x000001e5009bd210 code [0x000001e5009bd400, 0x000001e5009bd888]
Event: 2197.047 Thread 0x000001e50fa4e000 17960       3       org.gradle.execution.plan.DefaultPlanExecutor$ExecutorWorker::executeNextNode (61 bytes)
Event: 2197.048 Thread 0x000001e50fa4e000 nmethod 17960 0x000001e5009fff10 code [0x000001e500a00180, 0x000001e500a00b48]
Event: 2197.048 Thread 0x000001e50fa4e000 17961       3       org.gradle.execution.plan.DefaultPlanExecutor$ExecutorWorker$$Lambda$765/0x0000000100a61040::get$Lambda (12 bytes)
Event: 2197.049 Thread 0x000001e50fa4e000 nmethod 17961 0x000001e5009b5290 code [0x000001e5009b5460, 0x000001e5009b57d8]
Event: 2197.049 Thread 0x000001e50fa4e000 17962       3       org.gradle.execution.plan.DefaultPlanExecutor$ExecutorWorker$$Lambda$765/0x0000000100a61040::<init> (26 bytes)
Event: 2197.049 Thread 0x000001e50fa4e000 nmethod 17962 0x000001e5009bae10 code [0x000001e5009bafe0, 0x000001e5009bb2b8]
Event: 2197.049 Thread 0x000001e50fa4e000 17959       3       org.gradle.internal.execution.steps.SkipUpToDateStep$1::getExecutionReasons (4 bytes)
Event: 2197.049 Thread 0x000001e50fa4e000 nmethod 17959 0x000001e500900490 code [0x000001e500900640, 0x000001e500900798]

GC Heap History (20 events):
Event: 2100.487 GC heap before
{Heap before GC invocations=135 (full 0):
 garbage-first heap   total 141312K, used 113731K [0x0000000080000000, 0x0000000100000000)
  region size 1024K, 30 young (30720K), 3 survivors (3072K)
 Metaspace       used 95237K, capacity 98062K, committed 98560K, reserved 1134592K
  class space    used 11889K, capacity 12896K, committed 13056K, reserved 1048576K
}
Event: 2100.507 GC heap after
{Heap after GC invocations=136 (full 0):
 garbage-first heap   total 141312K, used 101494K [0x0000000080000000, 0x0000000100000000)
  region size 1024K, 4 young (4096K), 4 survivors (4096K)
 Metaspace       used 95237K, capacity 98062K, committed 98560K, reserved 1134592K
  class space    used 11889K, capacity 12896K, committed 13056K, reserved 1048576K
}
Event: 2100.536 GC heap before
{Heap before GC invocations=136 (full 0):
 garbage-first heap   total 141312K, used 109686K [0x0000000080000000, 0x0000000100000000)
  region size 1024K, 6 young (6144K), 4 survivors (4096K)
 Metaspace       used 95237K, capacity 98062K, committed 98560K, reserved 1134592K
  class space    used 11889K, capacity 12896K, committed 13056K, reserved 1048576K
}
Event: 2100.556 GC heap after
{Heap after GC invocations=137 (full 0):
 garbage-first heap   total 141312K, used 96356K [0x0000000080000000, 0x0000000100000000)
  region size 1024K, 1 young (1024K), 1 survivors (1024K)
 Metaspace       used 95237K, capacity 98062K, committed 98560K, reserved 1134592K
  class space    used 11889K, capacity 12896K, committed 13056K, reserved 1048576K
}
Event: 2100.671 GC heap before
{Heap before GC invocations=137 (full 0):
 garbage-first heap   total 141312K, used 108644K [0x0000000080000000, 0x0000000100000000)
  region size 1024K, 6 young (6144K), 1 survivors (1024K)
 Metaspace       used 95252K, capacity 98069K, committed 98560K, reserved 1134592K
  class space    used 11889K, capacity 12897K, committed 13056K, reserved 1048576K
}
Event: 2100.685 GC heap after
{Heap after GC invocations=138 (full 0):
 garbage-first heap   total 141312K, used 92110K [0x0000000080000000, 0x0000000100000000)
  region size 1024K, 1 young (1024K), 1 survivors (1024K)
 Metaspace       used 95252K, capacity 98069K, committed 98560K, reserved 1134592K
  class space    used 11889K, capacity 12897K, committed 13056K, reserved 1048576K
}
Event: 2180.065 GC heap before
{Heap before GC invocations=138 (full 0):
 garbage-first heap   total 141312K, used 110542K [0x0000000080000000, 0x0000000100000000)
  region size 1024K, 20 young (20480K), 1 survivors (1024K)
 Metaspace       used 95574K, capacity 98461K, committed 98816K, reserved 1134592K
  class space    used 11934K, capacity 12931K, committed 13056K, reserved 1048576K
}
Event: 2180.071 GC heap after
{Heap after GC invocations=139 (full 0):
 garbage-first heap   total 141312K, used 93263K [0x0000000080000000, 0x0000000100000000)
  region size 1024K, 2 young (2048K), 2 survivors (2048K)
 Metaspace       used 95574K, capacity 98461K, committed 98816K, reserved 1134592K
  class space    used 11934K, capacity 12931K, committed 13056K, reserved 1048576K
}
Event: 2182.242 GC heap before
{Heap before GC invocations=140 (full 0):
 garbage-first heap   total 141312K, used 109647K [0x0000000080000000, 0x0000000100000000)
  region size 1024K, 22 young (22528K), 2 survivors (2048K)
 Metaspace       used 95625K, capacity 98461K, committed 98816K, reserved 1134592K
  class space    used 11934K, capacity 12931K, committed 13056K, reserved 1048576K
}
Event: 2182.248 GC heap after
{Heap after GC invocations=141 (full 0):
 garbage-first heap   total 141312K, used 91853K [0x0000000080000000, 0x0000000100000000)
  region size 1024K, 3 young (3072K), 3 survivors (3072K)
 Metaspace       used 95625K, capacity 98461K, committed 98816K, reserved 1134592K
  class space    used 11934K, capacity 12931K, committed 13056K, reserved 1048576K
}
Event: 2182.279 GC heap before
{Heap before GC invocations=141 (full 0):
 garbage-first heap   total 141312K, used 94925K [0x0000000080000000, 0x0000000100000000)
  region size 1024K, 6 young (6144K), 3 survivors (3072K)
 Metaspace       used 95645K, capacity 98526K, committed 98816K, reserved 1134592K
  class space    used 11934K, capacity 12931K, committed 13056K, reserved 1048576K
}
Event: 2182.290 GC heap after
{Heap after GC invocations=142 (full 0):
 garbage-first heap   total 141312K, used 83391K [0x0000000080000000, 0x0000000100000000)
  region size 1024K, 1 young (1024K), 1 survivors (1024K)
 Metaspace       used 95645K, capacity 98526K, committed 98816K, reserved 1134592K
  class space    used 11934K, capacity 12931K, committed 13056K, reserved 1048576K
}
Event: 2182.725 GC heap before
{Heap before GC invocations=142 (full 0):
 garbage-first heap   total 141312K, used 88511K [0x0000000080000000, 0x0000000100000000)
  region size 1024K, 6 young (6144K), 1 survivors (1024K)
 Metaspace       used 95664K, capacity 98527K, committed 98816K, reserved 1134592K
  class space    used 11934K, capacity 12931K, committed 13056K, reserved 1048576K
}
Event: 2182.741 GC heap after
{Heap after GC invocations=143 (full 0):
 garbage-first heap   total 141312K, used 82603K [0x0000000080000000, 0x0000000100000000)
  region size 1024K, 1 young (1024K), 1 survivors (1024K)
 Metaspace       used 95664K, capacity 98527K, committed 98816K, reserved 1134592K
  class space    used 11934K, capacity 12931K, committed 13056K, reserved 1048576K
}
Event: 2196.702 GC heap before
{Heap before GC invocations=143 (full 0):
 garbage-first heap   total 141312K, used 108203K [0x0000000080000000, 0x0000000100000000)
  region size 1024K, 26 young (26624K), 1 survivors (1024K)
 Metaspace       used 95752K, capacity 98601K, committed 98816K, reserved 1134592K
  class space    used 11935K, capacity 12932K, committed 13056K, reserved 1048576K
}
Event: 2196.712 GC heap after
{Heap after GC invocations=144 (full 0):
 garbage-first heap   total 141312K, used 84905K [0x0000000080000000, 0x0000000100000000)
  region size 1024K, 3 young (3072K), 3 survivors (3072K)
 Metaspace       used 95752K, capacity 98601K, committed 98816K, reserved 1134592K
  class space    used 11935K, capacity 12932K, committed 13056K, reserved 1048576K
}
Event: 2196.957 GC heap before
{Heap before GC invocations=145 (full 0):
 garbage-first heap   total 141312K, used 110505K [0x0000000080000000, 0x0000000100000000)
  region size 1024K, 28 young (28672K), 3 survivors (3072K)
 Metaspace       used 95811K, capacity 98666K, committed 98816K, reserved 1134592K
  class space    used 11935K, capacity 12932K, committed 13056K, reserved 1048576K
}
Event: 2196.964 GC heap after
{Heap after GC invocations=146 (full 0):
 garbage-first heap   total 141312K, used 87731K [0x0000000080000000, 0x0000000100000000)
  region size 1024K, 4 young (4096K), 4 survivors (4096K)
 Metaspace       used 95811K, capacity 98666K, committed 98816K, reserved 1134592K
  class space    used 11935K, capacity 12932K, committed 13056K, reserved 1048576K
}
Event: 2196.979 GC heap before
{Heap before GC invocations=146 (full 0):
 garbage-first heap   total 141312K, used 89779K [0x0000000080000000, 0x0000000100000000)
  region size 1024K, 6 young (6144K), 4 survivors (4096K)
 Metaspace       used 95814K, capacity 98667K, committed 98816K, reserved 1134592K
  class space    used 11935K, capacity 12932K, committed 13056K, reserved 1048576K
}
Event: 2196.998 GC heap after
{Heap after GC invocations=147 (full 0):
 garbage-first heap   total 141312K, used 79357K [0x0000000080000000, 0x0000000100000000)
  region size 1024K, 1 young (1024K), 1 survivors (1024K)
 Metaspace       used 95814K, capacity 98667K, committed 98816K, reserved 1134592K
  class space    used 11935K, capacity 12932K, committed 13056K, reserved 1048576K
}

Deoptimization events (20 events):
Event: 2186.004 Thread 0x000001e518335800 Uncommon trap: trap_request=0xffffff4d fr.pc=0x000001e50870d548 relative=0x0000000000000b88
Event: 2186.004 Thread 0x000001e518335800 Uncommon trap: reason=unstable_if action=reinterpret pc=0x000001e50870d548 method=java.util.concurrent.locks.AbstractQueuedSynchronizer$ConditionObject.await()V @ 3 c2
Event: 2186.004 Thread 0x000001e518335800 DEOPT PACKING pc=0x000001e50870d548 sp=0x000000acd14ff090
Event: 2186.004 Thread 0x000001e518335800 DEOPT UNPACKING pc=0x000001e5000278af sp=0x000000acd14ff080 mode 2
Event: 2186.004 Thread 0x000001e5184cf000 Uncommon trap: trap_request=0xffffff4d fr.pc=0x000001e50864636c relative=0x000000000000010c
Event: 2186.004 Thread 0x000001e5184cf000 Uncommon trap: reason=unstable_if action=reinterpret pc=0x000001e50864636c method=org.gradle.internal.operations.DefaultBuildOperationRunner$3.execute(Lorg/gradle/internal/operations/BuildOperationDescriptor;Lorg/gradle/internal/operations/BuildOperationS
Event: 2186.004 Thread 0x000001e5184cf000 DEOPT PACKING pc=0x000001e50864636c sp=0x000000acd10fb5f0
Event: 2186.004 Thread 0x000001e5184cf000 DEOPT UNPACKING pc=0x000001e5000278af sp=0x000000acd10fb588 mode 2
Event: 2196.625 Thread 0x000001e518337000 Uncommon trap: trap_request=0xffffff4d fr.pc=0x000001e5082fe1ec relative=0x000000000000046c
Event: 2196.625 Thread 0x000001e518337000 Uncommon trap: reason=unstable_if action=reinterpret pc=0x000001e5082fe1ec method=org.gradle.internal.logging.sink.OutputEventRenderer.onOutput(Lorg/gradle/internal/logging/events/OutputEvent;)V @ 24 c2
Event: 2196.625 Thread 0x000001e518337000 DEOPT PACKING pc=0x000001e5082fe1ec sp=0x000000acce3fe430
Event: 2196.625 Thread 0x000001e518337000 DEOPT UNPACKING pc=0x000001e5000278af sp=0x000000acce3fe378 mode 2
Event: 2196.762 Thread 0x000001e518333000 Uncommon trap: trap_request=0xfffffff4 fr.pc=0x000001e50841f0e8 relative=0x0000000000000c48
Event: 2196.762 Thread 0x000001e518333000 Uncommon trap: reason=null_check action=make_not_entrant pc=0x000001e50841f0e8 method=java.lang.ThreadLocal$ThreadLocalMap.expungeStaleEntry(I)I @ 51 c2
Event: 2196.762 Thread 0x000001e518333000 DEOPT PACKING pc=0x000001e50841f0e8 sp=0x000000acce0faca0
Event: 2196.762 Thread 0x000001e518333000 DEOPT UNPACKING pc=0x000001e5000278af sp=0x000000acce0faa30 mode 2
Event: 2196.768 Thread 0x000001e518333000 Uncommon trap: trap_request=0xfffffff4 fr.pc=0x000001e508322da0 relative=0x0000000000000760
Event: 2196.768 Thread 0x000001e518333000 Uncommon trap: reason=null_check action=make_not_entrant pc=0x000001e508322da0 method=java.lang.ThreadLocal$ThreadLocalMap.expungeStaleEntry(I)I @ 51 c2
Event: 2196.768 Thread 0x000001e518333000 DEOPT PACKING pc=0x000001e508322da0 sp=0x000000acce0f90c0
Event: 2196.768 Thread 0x000001e518333000 DEOPT UNPACKING pc=0x000001e5000278af sp=0x000000acce0f8f60 mode 2

Classes redefined (0 events):
No events

Internal exceptions (20 events):
Event: 2182.249 Thread 0x000001e518333000 Exception <a 'sun/nio/fs/WindowsException'{0x00000000889089b8}> (0x00000000889089b8) thrown at [./src/hotspot/share/prims/jni.cpp, line 615]
Event: 2182.249 Thread 0x000001e518333000 Exception <a 'sun/nio/fs/WindowsException'{0x0000000088909ad8}> (0x0000000088909ad8) thrown at [./src/hotspot/share/prims/jni.cpp, line 615]
Event: 2186.004 Thread 0x000001e5184d2000 Exception <a 'java/io/IOException'{0x000000008771e8d8}> (0x000000008771e8d8) thrown at [./src/hotspot/share/prims/jni.cpp, line 615]
Event: 2196.762 Thread 0x000001e518333000 Implicit null exception at 0x000001e50841e6cc to 0x000001e50841f0c4
Event: 2196.768 Thread 0x000001e518333000 Implicit null exception at 0x000001e5083227b9 to 0x000001e508322d7d
Event: 2196.784 Thread 0x000001e518333000 Exception <a 'sun/nio/fs/WindowsException'{0x0000000087fabc18}> (0x0000000087fabc18) thrown at [./src/hotspot/share/prims/jni.cpp, line 615]
Event: 2196.835 Thread 0x000001e518333000 Exception <a 'java/lang/NoClassDefFoundError'{0x0000000087c57f18}: org/jetbrains/kotlin/gradle/plugin/KotlinBasePluginWrapper> (0x0000000087c57f18) thrown at [./src/hotspot/share/oops/constantPool.cpp, line 775]
Event: 2196.849 Thread 0x000001e518333000 Exception <a 'sun/nio/fs/WindowsException'{0x0000000087b633f8}> (0x0000000087b633f8) thrown at [./src/hotspot/share/prims/jni.cpp, line 615]
Event: 2196.860 Thread 0x000001e518333000 Exception <a 'sun/nio/fs/WindowsException'{0x0000000087bff6d0}> (0x0000000087bff6d0) thrown at [./src/hotspot/share/prims/jni.cpp, line 615]
Event: 2196.861 Thread 0x000001e518333000 Exception <a 'sun/nio/fs/WindowsException'{0x0000000087a00cc8}> (0x0000000087a00cc8) thrown at [./src/hotspot/share/prims/jni.cpp, line 615]
Event: 2196.861 Thread 0x000001e518333000 Exception <a 'sun/nio/fs/WindowsException'{0x0000000087a01de8}> (0x0000000087a01de8) thrown at [./src/hotspot/share/prims/jni.cpp, line 615]
Event: 2196.861 Thread 0x000001e518333000 Exception <a 'sun/nio/fs/WindowsException'{0x0000000087a02f08}> (0x0000000087a02f08) thrown at [./src/hotspot/share/prims/jni.cpp, line 615]
Event: 2197.022 Thread 0x000001e518333000 Exception <a 'sun/nio/fs/WindowsException'{0x00000000885d3be8}> (0x00000000885d3be8) thrown at [./src/hotspot/share/prims/jni.cpp, line 615]
Event: 2197.022 Thread 0x000001e518333000 Exception <a 'sun/nio/fs/WindowsException'{0x00000000885d5298}> (0x00000000885d5298) thrown at [./src/hotspot/share/prims/jni.cpp, line 615]
Event: 2197.022 Thread 0x000001e518333000 Exception <a 'sun/nio/fs/WindowsException'{0x00000000885d5670}> (0x00000000885d5670) thrown at [./src/hotspot/share/prims/jni.cpp, line 615]
Event: 2197.022 Thread 0x000001e518333000 Exception <a 'sun/nio/fs/WindowsException'{0x00000000885d6d00}> (0x00000000885d6d00) thrown at [./src/hotspot/share/prims/jni.cpp, line 615]
Event: 2197.022 Thread 0x000001e518333000 Exception <a 'sun/nio/fs/WindowsException'{0x00000000885d7030}> (0x00000000885d7030) thrown at [./src/hotspot/share/prims/jni.cpp, line 615]
Event: 2197.022 Thread 0x000001e518333000 Exception <a 'sun/nio/fs/WindowsException'{0x00000000885d86d8}> (0x00000000885d86d8) thrown at [./src/hotspot/share/prims/jni.cpp, line 615]
Event: 2197.022 Thread 0x000001e518333000 Exception <a 'sun/nio/fs/WindowsException'{0x00000000885d89a8}> (0x00000000885d89a8) thrown at [./src/hotspot/share/prims/jni.cpp, line 615]
Event: 2197.022 Thread 0x000001e518333000 Exception <a 'sun/nio/fs/WindowsException'{0x00000000885da020}> (0x00000000885da020) thrown at [./src/hotspot/share/prims/jni.cpp, line 615]

Events (20 events):
Event: 2196.970 Executing VM operation: RevokeBias
Event: 2196.970 Executing VM operation: RevokeBias done
Event: 2196.971 Executing VM operation: RevokeBias
Event: 2196.971 Executing VM operation: RevokeBias done
Event: 2196.974 Executing VM operation: RevokeBias
Event: 2196.974 Executing VM operation: RevokeBias done
Event: 2196.979 Executing VM operation: G1CollectForAllocation
Event: 2196.998 Executing VM operation: G1CollectForAllocation done
Event: 2197.010 Executing VM operation: RevokeBias
Event: 2197.010 Executing VM operation: RevokeBias done
Event: 2197.024 Thread 0x000001e5184cc800 Thread added: 0x000001e5184cc800
Event: 2197.025 Executing VM operation: RevokeBias
Event: 2197.026 Executing VM operation: RevokeBias done
Event: 2197.028 Executing VM operation: RevokeBias
Event: 2197.028 Executing VM operation: RevokeBias done
Event: 2197.029 Executing VM operation: RevokeBias
Event: 2197.029 Executing VM operation: RevokeBias done
Event: 2197.032 Thread 0x000001e5184d1000 Thread added: 0x000001e5184d1000
Event: 2197.036 Thread 0x000001e5184d3000 Thread added: 0x000001e5184d3000
Event: 2197.036 Thread 0x000001e5184cd000 Thread added: 0x000001e5184cd000


Dynamic libraries:
0x00007ff72eeb0000 - 0x00007ff72eeba000 	C:\Program Files\Android\Android Studio1\jre\bin\java.exe
0x00007ff978ad0000 - 0x00007ff978cc5000 	C:\WINDOWS\SYSTEM32\ntdll.dll
0x00007ff977490000 - 0x00007ff97754d000 	C:\WINDOWS\System32\KERNEL32.DLL
0x00007ff976310000 - 0x00007ff9765d8000 	C:\WINDOWS\System32\KERNELBASE.dll
0x00007ff976210000 - 0x00007ff976310000 	C:\WINDOWS\System32\ucrtbase.dll
0x00007ff9639a0000 - 0x00007ff9639b9000 	C:\Program Files\Android\Android Studio1\jre\bin\jli.dll
0x00007ff961230000 - 0x00007ff961247000 	C:\Program Files\Android\Android Studio1\jre\bin\VCRUNTIME140.dll
0x00007ff977e50000 - 0x00007ff977ff0000 	C:\WINDOWS\System32\USER32.dll
0x00007ff976b10000 - 0x00007ff976b32000 	C:\WINDOWS\System32\win32u.dll
0x00007ff95b5d0000 - 0x00007ff95b86a000 	C:\WINDOWS\WinSxS\amd64_microsoft.windows.common-controls_6595b64144ccf1df_6.0.19041.1052_none_60b8f8fd71f5e8cb\COMCTL32.dll
0x00007ff9781e0000 - 0x00007ff97820a000 	C:\WINDOWS\System32\GDI32.dll
0x00007ff976a00000 - 0x00007ff976b0b000 	C:\WINDOWS\System32\gdi32full.dll
0x00007ff9784f0000 - 0x00007ff97858e000 	C:\WINDOWS\System32\msvcrt.dll
0x00007ff976930000 - 0x00007ff9769cd000 	C:\WINDOWS\System32\msvcp_win.dll
0x00007ff978210000 - 0x00007ff978240000 	C:\WINDOWS\System32\IMM32.DLL
0x00007ff933ff0000 - 0x00007ff93408d000 	C:\Program Files\Android\Android Studio1\jre\bin\msvcp140.dll
0x00007ff9139b0000 - 0x00007ff91447f000 	C:\Program Files\Android\Android Studio1\jre\bin\server\jvm.dll
0x00007ff9770a0000 - 0x00007ff97714c000 	C:\WINDOWS\System32\ADVAPI32.dll
0x00007ff978430000 - 0x00007ff9784cb000 	C:\WINDOWS\System32\sechost.dll
0x00007ff976ea0000 - 0x00007ff976fcb000 	C:\WINDOWS\System32\RPCRT4.dll
0x00007ff9781d0000 - 0x00007ff9781d8000 	C:\WINDOWS\System32\PSAPI.DLL
0x00007ff967210000 - 0x00007ff967237000 	C:\WINDOWS\SYSTEM32\WINMM.dll
0x00007ff964710000 - 0x00007ff964719000 	C:\WINDOWS\SYSTEM32\WSOCK32.dll
0x00007ff96f1d0000 - 0x00007ff96f1da000 	C:\WINDOWS\SYSTEM32\VERSION.dll
0x00007ff977550000 - 0x00007ff9775bb000 	C:\WINDOWS\System32\WS2_32.dll
0x00007ff974ae0000 - 0x00007ff974af2000 	C:\WINDOWS\SYSTEM32\kernel.appcore.dll
0x00007ff920190000 - 0x00007ff9201a1000 	C:\Program Files\Android\Android Studio1\jre\bin\verify.dll
0x00007ff9747f0000 - 0x00007ff9749d4000 	C:\WINDOWS\SYSTEM32\DBGHELP.DLL
0x00007ff95fd60000 - 0x00007ff95fd8c000 	C:\WINDOWS\SYSTEM32\dbgcore.DLL
0x00007ff9766e0000 - 0x00007ff976763000 	C:\WINDOWS\System32\bcryptPrimitives.dll
0x00007ff920160000 - 0x00007ff920189000 	C:\Program Files\Android\Android Studio1\jre\bin\java.dll
0x00007ff929a20000 - 0x00007ff929a2b000 	C:\Program Files\Android\Android Studio1\jre\bin\jimage.dll
0x00007ff920140000 - 0x00007ff920158000 	C:\Program Files\Android\Android Studio1\jre\bin\zip.dll
0x00007ff977700000 - 0x00007ff977e3f000 	C:\WINDOWS\System32\SHELL32.dll
0x00007ff973fa0000 - 0x00007ff974730000 	C:\WINDOWS\SYSTEM32\windows.storage.dll
0x00007ff976b40000 - 0x00007ff976e95000 	C:\WINDOWS\System32\combase.dll
0x00007ff975c80000 - 0x00007ff975cac000 	C:\WINDOWS\SYSTEM32\Wldp.dll
0x00007ff977150000 - 0x00007ff9771fe000 	C:\WINDOWS\System32\SHCORE.dll
0x00007ff978370000 - 0x00007ff9783c5000 	C:\WINDOWS\System32\shlwapi.dll
0x00007ff976150000 - 0x00007ff97616f000 	C:\WINDOWS\SYSTEM32\profapi.dll
0x00007ff920110000 - 0x00007ff92012a000 	C:\Program Files\Android\Android Studio1\jre\bin\net.dll
0x00007ff967100000 - 0x00007ff96720b000 	C:\WINDOWS\SYSTEM32\WINHTTP.dll
0x00007ff9759f0000 - 0x00007ff975a5a000 	C:\WINDOWS\system32\mswsock.dll
0x00007ff9200f0000 - 0x00007ff920104000 	C:\Program Files\Android\Android Studio1\jre\bin\nio.dll
0x00007ff944310000 - 0x00007ff944337000 	C:\Users\ASUS\.gradle\native\8bec1ad78214c89d9ad589b4d07fe93259594b29d510b10fafb7a158f7737e5d\windows-amd64\native-platform.dll
0x00007ff91e7d0000 - 0x00007ff91e90d000 	C:\Users\ASUS\.gradle\native\53dbd7edfb1c66fb8903c78663c9afc45aea4f116125fa6feffd364cf09443e8\windows-amd64\native-platform-file-events.dll
0x00007ff9200c0000 - 0x00007ff9200ca000 	C:\Program Files\Android\Android Studio1\jre\bin\management.dll
0x00007ff9200b0000 - 0x00007ff9200bc000 	C:\Program Files\Android\Android Studio1\jre\bin\management_ext.dll
0x00007ff975bc0000 - 0x00007ff975bd8000 	C:\WINDOWS\SYSTEM32\CRYPTSP.dll
0x00007ff975320000 - 0x00007ff975354000 	C:\WINDOWS\system32\rsaenh.dll
0x00007ff9769d0000 - 0x00007ff9769f7000 	C:\WINDOWS\System32\bcrypt.dll
0x00007ff976110000 - 0x00007ff97613e000 	C:\WINDOWS\SYSTEM32\USERENV.dll
0x00007ff975be0000 - 0x00007ff975bec000 	C:\WINDOWS\SYSTEM32\CRYPTBASE.dll
0x00007ff975690000 - 0x00007ff9756cb000 	C:\WINDOWS\SYSTEM32\IPHLPAPI.DLL
0x00007ff977e40000 - 0x00007ff977e48000 	C:\WINDOWS\System32\NSI.dll
0x00007ff970570000 - 0x00007ff970587000 	C:\WINDOWS\SYSTEM32\dhcpcsvc6.DLL
0x00007ff970550000 - 0x00007ff97056d000 	C:\WINDOWS\SYSTEM32\dhcpcsvc.DLL
0x00007ff9756e0000 - 0x00007ff9757ac000 	C:\WINDOWS\SYSTEM32\DNSAPI.dll
0x00007ff9238b0000 - 0x00007ff9238d7000 	C:\Program Files\Android\Android Studio1\jre\bin\sunec.dll

dbghelp: loaded successfully - version: 4.0.5 - missing functions: none
symbol engine: initialized successfully - sym options: 0x614 - pdb path: .;C:\Program Files\Android\Android Studio1\jre\bin;C:\WINDOWS\SYSTEM32;C:\WINDOWS\WinSxS\amd64_microsoft.windows.common-controls_6595b64144ccf1df_6.0.19041.1052_none_60b8f8fd71f5e8cb;C:\Program Files\Android\Android Studio1\jre\bin\server;C:\Users\ASUS\.gradle\native\8bec1ad78214c89d9ad589b4d07fe93259594b29d510b10fafb7a158f7737e5d\windows-amd64;C:\Users\ASUS\.gradle\native\53dbd7edfb1c66fb8903c78663c9afc45aea4f116125fa6feffd364cf09443e8\windows-amd64

VM Arguments:
jvm_args: --add-opens=java.base/java.util=ALL-UNNAMED --add-opens=java.base/java.lang=ALL-UNNAMED --add-opens=java.base/java.lang.invoke=ALL-UNNAMED --add-opens=java.base/java.util=ALL-UNNAMED --add-opens=java.prefs/java.util.prefs=ALL-UNNAMED --add-opens=java.prefs/java.util.prefs=ALL-UNNAMED --add-opens=java.base/java.nio.charset=ALL-UNNAMED --add-opens=java.base/java.net=ALL-UNNAMED --add-opens=java.base/java.util.concurrent.atomic=ALL-UNNAMED -Xmx2048m -Dfile.encoding=UTF-8 -Duser.country=US -Duser.language=en -Duser.variant 
java_command: org.gradle.launcher.daemon.bootstrap.GradleDaemon 7.0.2
java_class_path (initial): C:\Users\ASUS\.gradle\wrapper\dists\gradle-7.0.2-bin\857tjihv64xamwrf0h14cai3r\gradle-7.0.2\lib\gradle-launcher-7.0.2.jar
Launcher Type: SUN_STANDARD

[Global flags]
     intx CICompilerCount                          = 4                                         {product} {ergonomic}
     uint ConcGCThreads                            = 2                                         {product} {ergonomic}
     uint G1ConcRefinementThreads                  = 8                                         {product} {ergonomic}
   size_t G1HeapRegionSize                         = 1048576                                   {product} {ergonomic}
    uintx GCDrainStackTargetSize                   = 64                                        {product} {ergonomic}
   size_t InitialHeapSize                          = 134217728                                 {product} {ergonomic}
   size_t MarkStackSize                            = 4194304                                   {product} {ergonomic}
   size_t MaxHeapSize                              = 2147483648                                {product} {command line}
   size_t MaxNewSize                               = 1287651328                                {product} {ergonomic}
   size_t MinHeapDeltaBytes                        = 1048576                                   {product} {ergonomic}
    uintx NonNMethodCodeHeapSize                   = 5836300                                {pd product} {ergonomic}
    uintx NonProfiledCodeHeapSize                  = 122910970                              {pd product} {ergonomic}
    uintx ProfiledCodeHeapSize                     = 122910970                              {pd product} {ergonomic}
    uintx ReservedCodeCacheSize                    = 251658240                              {pd product} {ergonomic}
     bool SegmentedCodeCache                       = true                                      {product} {ergonomic}
     bool UseCompressedClassPointers               = true                                 {lp64_product} {ergonomic}
     bool UseCompressedOops                        = true                                 {lp64_product} {ergonomic}
     bool UseG1GC                                  = true                                      {product} {ergonomic}
     bool UseLargePagesIndividualAllocation        = false                                  {pd product} {ergonomic}

Logging:
Log output configuration:
 #0: stdout all=warning uptime,level,tags
 #1: stderr all=off uptime,level,tags

Environment Variables:
JAVA_HOME=C:\Program Files\Java\jdk1.8.0_111
PATH=D:\Downloads\Oracle\bin;C:\ProgramData\Oracle\Java\javapath;C:\Program Files\Common Files\Oracle\Java\javapath;C:\Program Files (x86)\Common Files\Intel\Shared Libraries\redist\intel64\compiler;C:\Windows\system32;C:\Windows;C:\Windows\System32\Wbem;C:\Windows\System32\WindowsPowerShell\v1.0\;C:\Windows\System32\OpenSSH\;C:\Program Files\Microsoft SQL Server\Client SDK\ODBC\170\Tools\Binn\;C:\Program Files (x86)\Microsoft SQL Server\150\Tools\Binn\;C:\Program Files\Microsoft SQL Server\150\Tools\Binn\;C:\Program Files\Microsoft SQL Server\150\DTS\Binn\;C:\Program Files (x86)\Microsoft SQL Server\150\DTS\Binn\;C:\Program Files\Microsoft SQL Server\130\Tools\Binn\;C:\Program Files\NVIDIA Corporation\NVIDIA NvDLISR;C:\Program Files (x86)\NVIDIA Corporation\PhysX\Common;C:\Program Files\dotnet\;C:\WINDOWS\system32;C:\WINDOWS;C:\WINDOWS\System32\Wbem;C:\WINDOWS\System32\WindowsPowerShell\v1.0\;C:\WINDOWS\System32\OpenSSH\;C:\Scrcpy;C:\PROGRA~2\PICC;C:\PROGRA~2\PICC;C:\Program Files\MySQL\MySQL Server 5.5\bin;C:\Tools\apache-maven-3.8.1\bin;C:\Program Files\Java\jdk1.8.0_111\bin;C:\Program Files\Git\cmd;C:\Users\ASUS\AppData\Local\Microsoft\WindowsApps;C:\Users\ASUS\.dotnet\tools;C:\Program Files\JetBrains\IntelliJ IDEA Community Edition 2020.3\bin;;D:\flutter\bin;;C:\Users\ASUS\AppData\Local\Programs\Microsoft VS Code\bin
USERNAME=ASUS
OS=Windows_NT
PROCESSOR_IDENTIFIER=Intel64 Family 6 Model 142 Stepping 10, GenuineIntel



---------------  S Y S T E M  ---------------

OS: Windows 10 , 64 bit Build 19041 (10.0.19041.1023)
OS uptime: 0 days 5:52 hours

CPU:total 8 (initial active 8) (4 cores per cpu, 2 threads per core) family 6 model 142 stepping 10 microcode 0xb4, cmov, cx8, fxsr, mmx, sse, sse2, sse3, ssse3, sse4.1, sse4.2, popcnt, avx, avx2, aes, clmul, erms, 3dnowpref, lzcnt, ht, tsc, tscinvbit, bmi1, bmi2, adx, fma

Memory: 4k page, system-wide physical 8074M (513M free)
TotalPageFile size 16266M (AvailPageFile size 5M)
current process WorkingSet (physical memory assigned to process): 390M, peak: 455M
current process commit charge ("private bytes"): 469M, peak: 494M

vm_info: OpenJDK 64-Bit Server VM (11.0.10+0-b96-7249189) for windows-amd64 JRE (11.0.10+0-b96-7249189), built on Mar 31 2021 21:44:00 by "builder" with MS VC++ 14.0 (VS2015)

END.
